<?xml version="1.0" encoding="UTF-8"?>
<!-- Generated by org.testng.reporters.JUnitReportReporter -->
<testsuite hostname="ATMECSINLT-429" name="com.qa.automation.falconRestAPI.test.restassuredAuthentication" tests="1" failures="0" timestamp="2 May 2019 17:20:54 GMT" time="0.445" errors="0">
  <testcase name="testAuthencationPreemptive" time="0.445" classname="com.qa.automation.falconRestAPI.test.restassuredAuthentication"/>
</testsuite> <!-- com.qa.automation.falconRestAPI.test.restassuredAuthentication -->
