<?xml version="1.0" encoding="UTF-8"?>
<!-- Generated by org.testng.reporters.JUnitReportReporter -->
<testsuite hostname="ATMECSINLT-429" name="com.qa.automation.falconRestAPI.testscript.SampleTestScript" tests="2" failures="0" timestamp="26 Apr 2019 06:46:02 GMT" time="0.016" errors="0">
  <testcase name="testScenario2" time="0.000" classname="com.qa.automation.falconRestAPI.testscript.SampleTestScript"/>
  <testcase name="testScenario1" time="0.016" classname="com.qa.automation.falconRestAPI.testscript.SampleTestScript"/>
</testsuite> <!-- com.qa.automation.falconRestAPI.testscript.SampleTestScript -->
