<?xml version="1.0" encoding="UTF-8"?>
<!-- Generated by org.testng.reporters.JUnitReportReporter -->
<testsuite hostname="ATMECSINLT-429" name="com.qa.automation.falconRestAPI.test.SettingRoot" tests="1" failures="0" timestamp="30 Apr 2019 05:24:27 GMT" time="3.430" errors="0">
  <testcase name="testWithoutRoot" time="3.430" classname="com.qa.automation.falconRestAPI.test.SettingRoot"/>
</testsuite> <!-- com.qa.automation.falconRestAPI.test.SettingRoot -->
