<?xml version="1.0" encoding="UTF-8"?>
<!-- Generated by org.testng.reporters.JUnitReportReporter -->
<testsuite hostname="ATMECSINLT-429" name="com.qa.automation.falconRestAPI.test.SampleTest" tests="2" failures="0" timestamp="30 Apr 2019 05:25:30 GMT" time="3.520" errors="0">
  <testcase name="testStatusCode" time="2.817" classname="com.qa.automation.falconRestAPI.test.SampleTest"/>
  <testcase name="testlogging" time="0.703" classname="com.qa.automation.falconRestAPI.test.SampleTest"/>
</testsuite> <!-- com.qa.automation.falconRestAPI.test.SampleTest -->
