<?xml version="1.0" encoding="UTF-8"?>
<!-- Generated by org.testng.reporters.JUnitReportReporter -->
<testsuite hostname="ATMECSINLT-429" name="com.qa.automation.falconRestAPI.test.testGroovyFeatures" tests="1" failures="0" timestamp="30 Apr 2019 10:38:22 GMT" time="3.227" errors="0">
  <testcase name="testGroovyFeatures1" time="3.227" classname="com.qa.automation.falconRestAPI.test.testGroovyFeatures"/>
</testsuite> <!-- com.qa.automation.falconRestAPI.test.testGroovyFeatures -->
