<?xml version="1.0" encoding="UTF-8"?>
<!-- Generated by org.testng.reporters.JUnitReportReporter -->
<testsuite hostname="ATMECSINLT-429" name="com.qa.automation.falconRestAPI.test.ReadResponsedifftypes" tests="1" failures="0" timestamp="29 Apr 2019 13:52:42 GMT" time="3.644" errors="0">
  <testcase name="ExtractDetailsUsingResponse" time="3.644" classname="com.qa.automation.falconRestAPI.test.ReadResponsedifftypes"/>
</testsuite> <!-- com.qa.automation.falconRestAPI.test.ReadResponsedifftypes -->
